<?xml version="1.0" encoding="UTF-8"?>
<testsuite xmlns:xsi="http://www.w3.org/2001/XMLSchema-instance" xsi:noNamespaceSchemaLocation="https://maven.apache.org/surefire/maven-surefire-plugin/xsd/surefire-test-report.xsd" name="org.example.AppTest" time="1.534" tests="18" errors="4" skipped="0" failures="1">
  <properties>
    <property name="java.specification.version" value="15"/>
    <property name="sun.cpu.isalist" value="amd64"/>
    <property name="sun.jnu.encoding" value="Cp1250"/>
    <property name="java.class.path" value="C:\Users\micha\IdeaProjects\Cells-OpenCV\Cells\target\test-classes;C:\Users\micha\IdeaProjects\Cells-OpenCV\Cells\target\classes;C:\Users\micha\.m2\repository\junit\junit\4.13.2\junit-4.13.2.jar;C:\Users\micha\.m2\repository\org\hamcrest\hamcrest-core\1.3\hamcrest-core-1.3.jar;C:\Users\micha\.m2\repository\org\openpnp\opencv\4.5.1-2\opencv-4.5.1-2.jar;C:\Users\micha\.m2\repository\com\googlecode\json-simple\json-simple\1.1\json-simple-1.1.jar;C:\Users\micha\.m2\repository\com\google\guava\guava\31.0.1-jre\guava-31.0.1-jre.jar;C:\Users\micha\.m2\repository\com\google\guava\failureaccess\1.0.1\failureaccess-1.0.1.jar;C:\Users\micha\.m2\repository\com\google\guava\listenablefuture\9999.0-empty-to-avoid-conflict-with-guava\listenablefuture-9999.0-empty-to-avoid-conflict-with-guava.jar;C:\Users\micha\.m2\repository\com\google\code\findbugs\jsr305\3.0.2\jsr305-3.0.2.jar;C:\Users\micha\.m2\repository\org\checkerframework\checker-qual\3.12.0\checker-qual-3.12.0.jar;C:\Users\micha\.m2\repository\com\google\errorprone\error_prone_annotations\2.7.1\error_prone_annotations-2.7.1.jar;C:\Users\micha\.m2\repository\com\google\j2objc\j2objc-annotations\1.3\j2objc-annotations-1.3.jar;"/>
    <property name="java.vm.vendor" value="Oracle Corporation"/>
    <property name="sun.arch.data.model" value="64"/>
    <property name="user.variant" value=""/>
    <property name="java.vendor.url" value="https://java.oracle.com/"/>
    <property name="user.timezone" value="Europe/Warsaw"/>
    <property name="os.name" value="Windows 10"/>
    <property name="java.vm.specification.version" value="15"/>
    <property name="sun.java.launcher" value="SUN_STANDARD"/>
    <property name="user.country" value="PL"/>
    <property name="sun.boot.library.path" value="C:\Users\micha\.jdks\openjdk-15.0.2\bin"/>
    <property name="sun.java.command" value="C:\Users\micha\AppData\Local\Temp\surefire1214155865027514611\surefirebooter13558534916579853223.jar C:\Users\micha\AppData\Local\Temp\surefire1214155865027514611 2022-01-05T16-14-02_893-jvmRun1 surefire15586381290348868594tmp surefire_016777848492340731389tmp"/>
    <property name="jdk.debug" value="release"/>
    <property name="surefire.test.class.path" value="C:\Users\micha\IdeaProjects\Cells-OpenCV\Cells\target\test-classes;C:\Users\micha\IdeaProjects\Cells-OpenCV\Cells\target\classes;C:\Users\micha\.m2\repository\junit\junit\4.13.2\junit-4.13.2.jar;C:\Users\micha\.m2\repository\org\hamcrest\hamcrest-core\1.3\hamcrest-core-1.3.jar;C:\Users\micha\.m2\repository\org\openpnp\opencv\4.5.1-2\opencv-4.5.1-2.jar;C:\Users\micha\.m2\repository\com\googlecode\json-simple\json-simple\1.1\json-simple-1.1.jar;C:\Users\micha\.m2\repository\com\google\guava\guava\31.0.1-jre\guava-31.0.1-jre.jar;C:\Users\micha\.m2\repository\com\google\guava\failureaccess\1.0.1\failureaccess-1.0.1.jar;C:\Users\micha\.m2\repository\com\google\guava\listenablefuture\9999.0-empty-to-avoid-conflict-with-guava\listenablefuture-9999.0-empty-to-avoid-conflict-with-guava.jar;C:\Users\micha\.m2\repository\com\google\code\findbugs\jsr305\3.0.2\jsr305-3.0.2.jar;C:\Users\micha\.m2\repository\org\checkerframework\checker-qual\3.12.0\checker-qual-3.12.0.jar;C:\Users\micha\.m2\repository\com\google\errorprone\error_prone_annotations\2.7.1\error_prone_annotations-2.7.1.jar;C:\Users\micha\.m2\repository\com\google\j2objc\j2objc-annotations\1.3\j2objc-annotations-1.3.jar;"/>
    <property name="sun.cpu.endian" value="little"/>
    <property name="user.home" value="C:\Users\micha"/>
    <property name="user.language" value="pl"/>
    <property name="java.specification.vendor" value="Oracle Corporation"/>
    <property name="java.version.date" value="2021-01-19"/>
    <property name="java.home" value="C:\Users\micha\.jdks\openjdk-15.0.2"/>
    <property name="file.separator" value="\"/>
    <property name="basedir" value="C:\Users\micha\IdeaProjects\Cells-OpenCV\Cells"/>
    <property name="java.vm.compressedOopsMode" value="32-bit"/>
    <property name="line.separator" value="&#10;"/>
    <property name="java.vm.specification.vendor" value="Oracle Corporation"/>
    <property name="java.specification.name" value="Java Platform API Specification"/>
    <property name="surefire.real.class.path" value="C:\Users\micha\AppData\Local\Temp\surefire1214155865027514611\surefirebooter13558534916579853223.jar"/>
    <property name="user.script" value=""/>
    <property name="sun.management.compiler" value="HotSpot 64-Bit Tiered Compilers"/>
    <property name="java.runtime.version" value="15.0.2+7-27"/>
    <property name="user.name" value="micha"/>
    <property name="path.separator" value=";"/>
    <property name="os.version" value="10.0"/>
    <property name="java.runtime.name" value="OpenJDK Runtime Environment"/>
    <property name="file.encoding" value="Cp1250"/>
    <property name="java.vm.name" value="OpenJDK 64-Bit Server VM"/>
    <property name="localRepository" value="C:\Users\micha\.m2\repository"/>
    <property name="java.vendor.url.bug" value="https://bugreport.java.com/bugreport/"/>
    <property name="java.io.tmpdir" value="C:\Users\micha\AppData\Local\Temp\"/>
    <property name="idea.version" value="2021.3"/>
    <property name="java.version" value="15.0.2"/>
    <property name="user.dir" value="C:\Users\micha\IdeaProjects\Cells-OpenCV\Cells"/>
    <property name="os.arch" value="amd64"/>
    <property name="java.vm.specification.name" value="Java Virtual Machine Specification"/>
    <property name="sun.os.patch.level" value=""/>
    <property name="java.library.path" value="C:\Users\micha\.jdks\openjdk-15.0.2\bin;C:\WINDOWS\Sun\Java\bin;C:\WINDOWS\system32;C:\WINDOWS;C:\Program Files\NVIDIA GPU Computing Toolkit\CUDA\v11.2\bin;C:\Program Files\NVIDIA GPU Computing Toolkit\CUDA\v11.2\libnvvp;C:\Program Files (x86)\Common Files\Oracle\Java\javapath;C:\Windows\system32;C:\Windows;C:\Windows\System32\Wbem;C:\Windows\System32\WindowsPowerShell\v1.0\;C:\Windows\System32\OpenSSH\;C:\Program Files (x86)\NVIDIA Corporation\PhysX\Common;C:\Program Files\NVIDIA Corporation\NVIDIA NvDLISR;C:\Program Files\Java\jre1.8.0_291\bin;C:\Spark\spark-3.0.1-bin-hadoop2.7\bin;C:\Program Files\NVIDIA Corporation\Nsight Compute 2020.3.1\;C:\Program Files\Git\cmd;C:\WINDOWS\system32;C:\WINDOWS;C:\WINDOWS\System32\Wbem;C:\WINDOWS\System32\WindowsPowerShell\v1.0\;C:\WINDOWS\System32\OpenSSH\;C:\Program Files\MiKTeX\miktex\bin\x64\;C:\Users\micha\AppData\Local\Programs\Python\Python38-32\Scripts\;C:\Users\micha\AppData\Local\Programs\Python\Python38-32\;C:\Users\micha\AppData\Local\Microsoft\WindowsApps;C:\Spark\spark-3.0.1-bin-hadoop2.7\bin;C:\Spark\spark-3.0.1-bin-hadoop2.7\bin;C:\Program Files\Java\jre1.8.0_291\bin;C:\Program Files\JetBrains\IntelliJ IDEA 2020.3.2\bin;;C:\Users\micha\AppData\Local\GitHubDesktop\bin;;."/>
    <property name="java.vm.info" value="mixed mode, sharing"/>
    <property name="java.vendor" value="Oracle Corporation"/>
    <property name="java.vm.version" value="15.0.2+7-27"/>
    <property name="sun.io.unicode.encoding" value="UnicodeLittle"/>
    <property name="java.class.version" value="59.0"/>
  </properties>
  <testcase name="nakladanie" classname="org.example.AppTest" time="0.743"/>
  <testcase name="queueTest" classname="org.example.AppTest" time="0.581"/>
  <testcase name="RozpulchnianieTest" classname="org.example.AppTest" time="0.005"/>
  <testcase name="asdasd" classname="org.example.AppTest" time="0.033">
    <error message="cv::Exception: OpenCV(4.5.1) C:\build\master_winpack-bindings-win64-vc14-static\opencv\modules\imgproc\src\contours.cpp:197: error: (-210:Unsupported format or combination of formats) [Start]FindContours supports only CV_8UC1 images when mode != CV_RETR_FLOODFILL otherwise supports CV_32SC1 images only in function &apos;cvStartFindContours_Impl&apos;&#10;" type="org.opencv.core.CvException">org.opencv.core.CvException: 
cv::Exception: OpenCV(4.5.1) C:\build\master_winpack-bindings-win64-vc14-static\opencv\modules\imgproc\src\contours.cpp:197: error: (-210:Unsupported format or combination of formats) [Start]FindContours supports only CV_8UC1 images when mode != CV_RETR_FLOODFILL otherwise supports CV_32SC1 images only in function 'cvStartFindContours_Impl'

	at org.example.AppTest.asdasd(AppTest.java:323)
</error>
  </testcase>
  <testcase name="contour_area" classname="org.example.AppTest" time="0"/>
  <testcase name="contour_test" classname="org.example.AppTest" time="0.001"/>
  <testcase name="testSplot" classname="org.example.AppTest" time="0.002">
    <failure message="expected:&lt;8&gt; but was:&lt;-8&gt;" type="java.lang.AssertionError"><![CDATA[java.lang.AssertionError: expected:<8> but was:<-8>
	at org.example.AppTest.testSplot(AppTest.java:63)
]]></failure>
  </testcase>
  <testcase name="resize" classname="org.example.AppTest" time="0.085"/>
  <testcase name="angleTest" classname="org.example.AppTest" time="0"/>
  <testcase name="javaTest" classname="org.example.AppTest" time="0.002"/>
  <testcase name="ConnectingEndPointsTest" classname="org.example.AppTest" time="0.016"/>
  <testcase name="End_pointsTest" classname="org.example.AppTest" time="0.002"/>
  <testcase name="dsf" classname="org.example.AppTest" time="0.001">
    <error message="Cannot load from object array because &quot;df[0]&quot; is null" type="java.lang.NullPointerException">java.lang.NullPointerException: Cannot load from object array because "df[0]" is null
	at org.example.AppTest.dsf(AppTest.java:366)
</error>
    <system-out><![CDATA[{1.0, 1.0}
{2.0, 1.0}
]]></system-out>
  </testcase>
  <testcase name="LineTest" classname="org.example.AppTest" time="0.012"/>
  <testcase name="matzerosTest" classname="org.example.AppTest" time="0"/>
  <testcase name="sortingTest" classname="org.example.AppTest" time="0.001">
    <error message="Index 0 out of bounds for length 0" type="java.lang.IndexOutOfBoundsException">java.lang.IndexOutOfBoundsException: Index 0 out of bounds for length 0
	at org.example.AppTest.sortingTest(AppTest.java:354)
</error>
    <system-out><![CDATA[[{2.0, 2.0}, {1.0, 0.0}, {0.0, 3.0}, {1.0, 3.0}, {2.0, 1.0}, {-1.0, 1.0}, {-1.0, 2.0}, {0.0, 0.0}, {3.0, 3.0}, {2.0, 3.0}]
debug0
Output size:0
]]></system-out>
  </testcase>
  <testcase name="sortTest" classname="org.example.AppTest" time="0.002">
    <error message="Index 0 out of bounds for length 0" type="java.lang.IndexOutOfBoundsException">java.lang.IndexOutOfBoundsException: Index 0 out of bounds for length 0
	at org.example.AppTest.sortTest(AppTest.java:406)
</error>
    <system-out><![CDATA[debug0
Output size:0
Output size:0
]]></system-out>
  </testcase>
  <testcase name="OpencvMatTest" classname="org.example.AppTest" time="0.001"/>
</testsuite>